[2024-10-12T00:12:10.169102+05:00] system.ERROR: trim(): Passing null to parameter #1 ($string) of type string is deprecated occurred in /home/u252139114/domains/shortner.live/public_html/app/middleware/CSRF.php:51 -> http://shortner.live/user/login/forgot/send  

[2024-10-12T00:12:14.527530+05:00] system.ERROR: trim(): Passing null to parameter #1 ($string) of type string is deprecated occurred in /home/u252139114/domains/shortner.live/public_html/app/middleware/CSRF.php:51 -> http://shortner.live/user/register/validate  

[2024-10-12T00:12:17.228113+05:00] system.ERROR: trim(): Passing null to parameter #1 ($string) of type string is deprecated occurred in /home/u252139114/domains/shortner.live/public_html/app/middleware/CSRF.php:51 -> http://shortner.live/contact/send  

[2024-10-12T00:13:18.424953+05:00] system.ERROR: trim(): Passing null to parameter #1 ($string) of type string is deprecated occurred in /home/u252139114/domains/shortner.live/public_html/app/middleware/CSRF.php:51 -> http://shortner.live/user/login/forgot/send  

[2024-10-12T00:13:25.451090+05:00] system.ERROR: trim(): Passing null to parameter #1 ($string) of type string is deprecated occurred in /home/u252139114/domains/shortner.live/public_html/app/middleware/CSRF.php:51 -> http://shortner.live/user/register/validate  

[2024-10-12T00:13:30.413250+05:00] system.ERROR: trim(): Passing null to parameter #1 ($string) of type string is deprecated occurred in /home/u252139114/domains/shortner.live/public_html/app/middleware/CSRF.php:51 -> http://shortner.live/contact/send  

[2024-10-12T00:14:18.693224+05:00] system.ERROR: trim(): Passing null to parameter #1 ($string) of type string is deprecated occurred in /home/u252139114/domains/shortner.live/public_html/app/middleware/CSRF.php:51 -> http://shortner.live/user/login/forgot/send  

[2024-10-12T00:14:25.680107+05:00] system.ERROR: trim(): Passing null to parameter #1 ($string) of type string is deprecated occurred in /home/u252139114/domains/shortner.live/public_html/app/middleware/CSRF.php:51 -> http://shortner.live/user/register/validate  

[2024-10-12T00:14:30.563754+05:00] system.ERROR: trim(): Passing null to parameter #1 ($string) of type string is deprecated occurred in /home/u252139114/domains/shortner.live/public_html/app/middleware/CSRF.php:51 -> http://shortner.live/contact/send  

[2024-10-12T00:18:43.046121+05:00] system.ERROR: trim(): Passing null to parameter #1 ($string) of type string is deprecated occurred in /home/u252139114/domains/shortner.live/public_html/app/middleware/CSRF.php:51 -> http://shortner.live/user/login/forgot/send  

[2024-10-12T00:18:50.494533+05:00] system.ERROR: trim(): Passing null to parameter #1 ($string) of type string is deprecated occurred in /home/u252139114/domains/shortner.live/public_html/app/middleware/CSRF.php:51 -> http://shortner.live/user/register/validate  

[2024-10-12T00:18:54.813743+05:00] system.ERROR: trim(): Passing null to parameter #1 ($string) of type string is deprecated occurred in /home/u252139114/domains/shortner.live/public_html/app/middleware/CSRF.php:51 -> http://shortner.live/contact/send  

[2024-10-12T00:26:14.867473+05:00] system.ERROR: trim(): Passing null to parameter #1 ($string) of type string is deprecated occurred in /home/u252139114/domains/shortner.live/public_html/app/middleware/CSRF.php:51 -> http://shortner.live/user/login/forgot/send  

[2024-10-12T00:26:19.681535+05:00] system.ERROR: trim(): Passing null to parameter #1 ($string) of type string is deprecated occurred in /home/u252139114/domains/shortner.live/public_html/app/middleware/CSRF.php:51 -> http://shortner.live/user/register/validate  

[2024-10-12T00:26:25.392442+05:00] system.ERROR: trim(): Passing null to parameter #1 ($string) of type string is deprecated occurred in /home/u252139114/domains/shortner.live/public_html/app/middleware/CSRF.php:51 -> http://shortner.live/contact/send  

[2024-10-12T00:27:20.432454+05:00] system.ERROR: trim(): Passing null to parameter #1 ($string) of type string is deprecated occurred in /home/u252139114/domains/shortner.live/public_html/app/middleware/CSRF.php:51 -> http://shortner.live/contact/send  

[2024-10-12T00:31:21.535169+05:00] system.ERROR: trim(): Passing null to parameter #1 ($string) of type string is deprecated occurred in /home/u252139114/domains/shortner.live/public_html/app/middleware/CSRF.php:51 -> http://shortner.live/user/login/forgot/send  

[2024-10-12T00:31:33.543375+05:00] system.ERROR: trim(): Passing null to parameter #1 ($string) of type string is deprecated occurred in /home/u252139114/domains/shortner.live/public_html/app/middleware/CSRF.php:51 -> http://shortner.live/contact/send  

[2024-10-12T00:53:03.796012+05:00] system.ERROR: trim(): Passing null to parameter #1 ($string) of type string is deprecated occurred in /home/u252139114/domains/shortner.live/public_html/app/middleware/CSRF.php:51 -> http://shortner.live/user/login/forgot/send  

[2024-10-12T00:53:10.029728+05:00] system.ERROR: trim(): Passing null to parameter #1 ($string) of type string is deprecated occurred in /home/u252139114/domains/shortner.live/public_html/app/middleware/CSRF.php:51 -> http://shortner.live/user/register/validate  

[2024-10-12T00:53:14.512804+05:00] system.ERROR: trim(): Passing null to parameter #1 ($string) of type string is deprecated occurred in /home/u252139114/domains/shortner.live/public_html/app/middleware/CSRF.php:51 -> http://shortner.live/contact/send  

[2024-10-12T00:57:15.488158+05:00] system.ERROR: trim(): Passing null to parameter #1 ($string) of type string is deprecated occurred in /home/u252139114/domains/shortner.live/public_html/app/middleware/CSRF.php:51 -> http://shortner.live/user/login/forgot/send  

[2024-10-12T00:57:22.977338+05:00] system.ERROR: trim(): Passing null to parameter #1 ($string) of type string is deprecated occurred in /home/u252139114/domains/shortner.live/public_html/app/middleware/CSRF.php:51 -> http://shortner.live/contact/send  

[2024-10-12T01:11:01.475980+05:00] system.ERROR: Ciphertext has invalid hex encoding. -> http://alivin.cfd/sadfserewrd  

[2024-10-12T01:13:17.217037+05:00] system.ERROR: trim(): Passing null to parameter #1 ($string) of type string is deprecated occurred in /home/u252139114/domains/shortner.live/public_html/app/middleware/CSRF.php:51 -> http://shortner.live/user/login/forgot/send  

[2024-10-12T01:13:26.403128+05:00] system.ERROR: trim(): Passing null to parameter #1 ($string) of type string is deprecated occurred in /home/u252139114/domains/shortner.live/public_html/app/middleware/CSRF.php:51 -> http://shortner.live/contact/send  

[2024-10-12T01:18:11.989630+05:00] system.ERROR: Ciphertext has invalid hex encoding. -> http://alivin.cfd/jhnjhun  

[2024-10-12T01:33:35.647305+05:00] system.ERROR: Ciphertext has invalid hex encoding. -> http://alivin.cfd/sadfserewrd  

[2024-10-12T09:25:17.673615+05:00] system.ERROR: trim(): Passing null to parameter #1 ($string) of type string is deprecated occurred in /home/u252139114/domains/shortner.live/public_html/app/middleware/CSRF.php:51 -> http://shortner.live/user/login/forgot/send  

[2024-10-12T10:24:29.313665+05:00] system.ERROR: trim(): Passing null to parameter #1 ($string) of type string is deprecated occurred in /home/u252139114/domains/shortner.live/public_html/app/middleware/CSRF.php:51 -> http://shortner.live/user/login/forgot/send  

[2024-10-12T10:40:22.748224+05:00] system.ERROR: Ciphertext has invalid hex encoding. -> http://alivin.cfd/sadfserewrd  

[2024-10-12T11:07:29.666826+05:00] system.ERROR: trim(): Passing null to parameter #1 ($string) of type string is deprecated occurred in /home/u252139114/domains/shortner.live/public_html/app/middleware/CSRF.php:51 -> http://shortner.live/user/login/forgot/send  

[2024-10-12T11:23:15.456895+05:00] system.ERROR: Ciphertext has invalid hex encoding. -> http://alivin.cfd/jhnjhun  

[2024-10-12T13:58:21.772797+05:00] system.ERROR: trim(): Passing null to parameter #1 ($string) of type string is deprecated occurred in /home/u252139114/domains/shortner.live/public_html/app/middleware/CSRF.php:51 -> http://shortner.live/user/login/forgot/send  

[2024-10-12T15:27:16.678597+05:00] system.ERROR: trim(): Passing null to parameter #1 ($string) of type string is deprecated occurred in /home/u252139114/domains/shortner.live/public_html/app/middleware/CSRF.php:51 -> http://shortner.live/user/login/forgot/send  

[2024-10-12T16:05:31.588697+05:00] system.ERROR: trim(): Passing null to parameter #1 ($string) of type string is deprecated occurred in /home/u252139114/domains/shortner.live/public_html/app/middleware/CSRF.php:51 -> http://shortner.live/user/login/forgot/send  

[2024-10-12T18:38:29.118857+05:00] system.ERROR: trim(): Passing null to parameter #1 ($string) of type string is deprecated occurred in /home/u252139114/domains/shortner.live/public_html/app/middleware/CSRF.php:51 -> http://shortner.live/user/login/forgot/send  

[2024-10-12T18:48:45.389429+05:00] system.ERROR: Ciphertext has invalid hex encoding. -> http://alivin.cfd/kiko  

[2024-10-12T19:42:31.450760+05:00] system.ERROR: trim(): Passing null to parameter #1 ($string) of type string is deprecated occurred in /home/u252139114/domains/shortner.live/public_html/app/middleware/CSRF.php:51 -> http://shortner.live/user/login/forgot/send  

[2024-10-12T20:37:27.485634+05:00] system.ERROR: trim(): Passing null to parameter #1 ($string) of type string is deprecated occurred in /home/u252139114/domains/shortner.live/public_html/app/middleware/CSRF.php:51 -> http://shortner.live/user/login/forgot/send  

[2024-10-12T20:47:41.142206+05:00] system.ERROR: trim(): Passing null to parameter #1 ($string) of type string is deprecated occurred in /home/u252139114/domains/shortner.live/public_html/app/middleware/CSRF.php:51 -> http://shortner.live/user/login/forgot/send  

[2024-10-12T21:13:21.836745+05:00] system.ERROR: trim(): Passing null to parameter #1 ($string) of type string is deprecated occurred in /home/u252139114/domains/shortner.live/public_html/app/middleware/CSRF.php:51 -> http://shortner.live/user/login/forgot/send  

[2024-10-12T23:59:49.714226+05:00] system.ERROR: Ciphertext has invalid hex encoding. -> http://alivin.cfd/jhnjhun  

