[2024-09-20T21:51:47.046658+05:00] system.ERROR: Uncaught Error: Call to a member function pro() on null in /home/u252139114/domains/shortner.live/public_html/app/traits/Links.php:480
Stack trace:
#0 /home/u252139114/domains/shortner.live/public_html/app/controllers/LinkController.php(84): Link->createLink()
#1 /home/u252139114/domains/shortner.live/public_html/core/Gem.class.php(263): Link->shorten()
#2 /home/u252139114/domains/shortner.live/public_html/core/Gem.class.php(160): Gem::Dispatch()
#3 /home/u252139114/domains/shortner.live/public_html/public/index.php(23): Gem::Bootstrap()
#4 {main}
  thrown -> http://shortner.live/shorten  

[2024-09-20T21:51:52.814194+05:00] system.ERROR: Uncaught Error: Call to a member function pro() on null in /home/u252139114/domains/shortner.live/public_html/app/traits/Links.php:480
Stack trace:
#0 /home/u252139114/domains/shortner.live/public_html/app/controllers/LinkController.php(84): Link->createLink()
#1 /home/u252139114/domains/shortner.live/public_html/core/Gem.class.php(263): Link->shorten()
#2 /home/u252139114/domains/shortner.live/public_html/core/Gem.class.php(160): Gem::Dispatch()
#3 /home/u252139114/domains/shortner.live/public_html/public/index.php(23): Gem::Bootstrap()
#4 {main}
  thrown -> http://shortner.live/shorten  

[2024-09-20T21:52:05.911248+05:00] system.ERROR: Uncaught Error: Call to a member function pro() on null in /home/u252139114/domains/shortner.live/public_html/app/traits/Links.php:480
Stack trace:
#0 /home/u252139114/domains/shortner.live/public_html/app/controllers/LinkController.php(84): Link->createLink()
#1 /home/u252139114/domains/shortner.live/public_html/core/Gem.class.php(263): Link->shorten()
#2 /home/u252139114/domains/shortner.live/public_html/core/Gem.class.php(160): Gem::Dispatch()
#3 /home/u252139114/domains/shortner.live/public_html/public/index.php(23): Gem::Bootstrap()
#4 {main}
  thrown -> http://shortner.live/shorten  

