[2024-10-10T00:17:17.905776+05:00] system.ERROR: trim(): Passing null to parameter #1 ($string) of type string is deprecated occurred in /home/u252139114/domains/shortner.live/public_html/app/middleware/CSRF.php:51 -> http://shortner.live/user/login/forgot/send  

[2024-10-10T00:17:25.053020+05:00] system.ERROR: trim(): Passing null to parameter #1 ($string) of type string is deprecated occurred in /home/u252139114/domains/shortner.live/public_html/app/middleware/CSRF.php:51 -> http://shortner.live/user/register/validate  

[2024-10-10T00:17:30.402503+05:00] system.ERROR: trim(): Passing null to parameter #1 ($string) of type string is deprecated occurred in /home/u252139114/domains/shortner.live/public_html/app/middleware/CSRF.php:51 -> http://shortner.live/contact/send  

[2024-10-10T01:11:02.904940+05:00] system.ERROR: trim(): Passing null to parameter #1 ($string) of type string is deprecated occurred in /home/u252139114/domains/shortner.live/public_html/app/middleware/CSRF.php:51 -> http://shortner.live/user/login/forgot/send  

[2024-10-10T01:11:11.556998+05:00] system.ERROR: trim(): Passing null to parameter #1 ($string) of type string is deprecated occurred in /home/u252139114/domains/shortner.live/public_html/app/middleware/CSRF.php:51 -> http://shortner.live/user/register/validate  

[2024-10-10T01:11:25.522291+05:00] system.ERROR: trim(): Passing null to parameter #1 ($string) of type string is deprecated occurred in /home/u252139114/domains/shortner.live/public_html/app/middleware/CSRF.php:51 -> http://shortner.live/contact/send  

[2024-10-10T01:48:03.793097+05:00] system.ERROR: trim(): Passing null to parameter #1 ($string) of type string is deprecated occurred in /home/u252139114/domains/shortner.live/public_html/app/middleware/CSRF.php:51 -> http://shortner.live/user/login/forgot/send  

[2024-10-10T01:48:11.510757+05:00] system.ERROR: trim(): Passing null to parameter #1 ($string) of type string is deprecated occurred in /home/u252139114/domains/shortner.live/public_html/app/middleware/CSRF.php:51 -> http://shortner.live/user/register/validate  

[2024-10-10T01:48:16.567818+05:00] system.ERROR: trim(): Passing null to parameter #1 ($string) of type string is deprecated occurred in /home/u252139114/domains/shortner.live/public_html/app/middleware/CSRF.php:51 -> http://shortner.live/contact/send  

[2024-10-10T02:11:56.566765+05:00] system.ERROR: trim(): Passing null to parameter #1 ($string) of type string is deprecated occurred in /home/u252139114/domains/shortner.live/public_html/app/middleware/CSRF.php:51 -> http://shortner.live/user/login/forgot/send  

[2024-10-10T02:12:04.335841+05:00] system.ERROR: trim(): Passing null to parameter #1 ($string) of type string is deprecated occurred in /home/u252139114/domains/shortner.live/public_html/app/middleware/CSRF.php:51 -> http://shortner.live/user/register/validate  

[2024-10-10T02:12:10.536439+05:00] system.ERROR: trim(): Passing null to parameter #1 ($string) of type string is deprecated occurred in /home/u252139114/domains/shortner.live/public_html/app/middleware/CSRF.php:51 -> http://shortner.live/contact/send  

[2024-10-10T06:28:06.063043+05:00] system.ERROR: trim(): Passing null to parameter #1 ($string) of type string is deprecated occurred in /home/u252139114/domains/shortner.live/public_html/app/middleware/CSRF.php:51 -> http://shortner.live/user/login/forgot/send  

[2024-10-10T06:28:22.130877+05:00] system.ERROR: trim(): Passing null to parameter #1 ($string) of type string is deprecated occurred in /home/u252139114/domains/shortner.live/public_html/app/middleware/CSRF.php:51 -> http://shortner.live/user/register/validate  

[2024-10-10T06:28:33.110510+05:00] system.ERROR: trim(): Passing null to parameter #1 ($string) of type string is deprecated occurred in /home/u252139114/domains/shortner.live/public_html/app/middleware/CSRF.php:51 -> http://shortner.live/contact/send  

[2024-10-10T07:22:03.781954+05:00] system.ERROR: trim(): Passing null to parameter #1 ($string) of type string is deprecated occurred in /home/u252139114/domains/shortner.live/public_html/app/middleware/CSRF.php:51 -> http://shortner.live/user/login/forgot/send  

[2024-10-10T07:22:10.475193+05:00] system.ERROR: trim(): Passing null to parameter #1 ($string) of type string is deprecated occurred in /home/u252139114/domains/shortner.live/public_html/app/middleware/CSRF.php:51 -> http://shortner.live/user/register/validate  

[2024-10-10T07:22:14.936036+05:00] system.ERROR: trim(): Passing null to parameter #1 ($string) of type string is deprecated occurred in /home/u252139114/domains/shortner.live/public_html/app/middleware/CSRF.php:51 -> http://shortner.live/contact/send  

[2024-10-10T07:44:55.094421+05:00] system.ERROR: trim(): Passing null to parameter #1 ($string) of type string is deprecated occurred in /home/u252139114/domains/shortner.live/public_html/app/middleware/CSRF.php:51 -> http://shortner.live/user/login/forgot/send  

[2024-10-10T07:45:02.507312+05:00] system.ERROR: trim(): Passing null to parameter #1 ($string) of type string is deprecated occurred in /home/u252139114/domains/shortner.live/public_html/app/middleware/CSRF.php:51 -> http://shortner.live/user/register/validate  

[2024-10-10T07:45:08.446079+05:00] system.ERROR: trim(): Passing null to parameter #1 ($string) of type string is deprecated occurred in /home/u252139114/domains/shortner.live/public_html/app/middleware/CSRF.php:51 -> http://shortner.live/contact/send  

[2024-10-10T07:51:58.513839+05:00] system.ERROR: trim(): Passing null to parameter #1 ($string) of type string is deprecated occurred in /home/u252139114/domains/shortner.live/public_html/app/middleware/CSRF.php:51 -> http://shortner.live/user/login/forgot/send  

[2024-10-10T07:52:05.329670+05:00] system.ERROR: trim(): Passing null to parameter #1 ($string) of type string is deprecated occurred in /home/u252139114/domains/shortner.live/public_html/app/middleware/CSRF.php:51 -> http://shortner.live/user/register/validate  

[2024-10-10T07:52:10.041125+05:00] system.ERROR: trim(): Passing null to parameter #1 ($string) of type string is deprecated occurred in /home/u252139114/domains/shortner.live/public_html/app/middleware/CSRF.php:51 -> http://shortner.live/contact/send  

[2024-10-10T07:59:38.290029+05:00] system.ERROR: trim(): Passing null to parameter #1 ($string) of type string is deprecated occurred in /home/u252139114/domains/shortner.live/public_html/app/middleware/CSRF.php:51 -> http://shortner.live/user/login/forgot/send  

[2024-10-10T07:59:46.287024+05:00] system.ERROR: trim(): Passing null to parameter #1 ($string) of type string is deprecated occurred in /home/u252139114/domains/shortner.live/public_html/app/middleware/CSRF.php:51 -> http://shortner.live/user/register/validate  

[2024-10-10T07:59:53.048382+05:00] system.ERROR: trim(): Passing null to parameter #1 ($string) of type string is deprecated occurred in /home/u252139114/domains/shortner.live/public_html/app/middleware/CSRF.php:51 -> http://shortner.live/contact/send  

[2024-10-10T08:12:51.664347+05:00] system.ERROR: trim(): Passing null to parameter #1 ($string) of type string is deprecated occurred in /home/u252139114/domains/shortner.live/public_html/app/middleware/CSRF.php:51 -> http://shortner.live/user/login/forgot/send  

[2024-10-10T08:13:04.577925+05:00] system.ERROR: trim(): Passing null to parameter #1 ($string) of type string is deprecated occurred in /home/u252139114/domains/shortner.live/public_html/app/middleware/CSRF.php:51 -> http://shortner.live/contact/send  

[2024-10-10T08:19:00.565488+05:00] system.ERROR: trim(): Passing null to parameter #1 ($string) of type string is deprecated occurred in /home/u252139114/domains/shortner.live/public_html/app/middleware/CSRF.php:51 -> http://shortner.live/user/register/validate  

[2024-10-10T08:19:05.575361+05:00] system.ERROR: trim(): Passing null to parameter #1 ($string) of type string is deprecated occurred in /home/u252139114/domains/shortner.live/public_html/app/middleware/CSRF.php:51 -> http://shortner.live/contact/send  

[2024-10-10T08:33:59.387731+05:00] system.ERROR: trim(): Passing null to parameter #1 ($string) of type string is deprecated occurred in /home/u252139114/domains/shortner.live/public_html/app/middleware/CSRF.php:51 -> http://shortner.live/user/login/forgot/send  

[2024-10-10T08:34:04.362476+05:00] system.ERROR: trim(): Passing null to parameter #1 ($string) of type string is deprecated occurred in /home/u252139114/domains/shortner.live/public_html/app/middleware/CSRF.php:51 -> http://shortner.live/user/register/validate  

[2024-10-10T08:34:07.532566+05:00] system.ERROR: trim(): Passing null to parameter #1 ($string) of type string is deprecated occurred in /home/u252139114/domains/shortner.live/public_html/app/middleware/CSRF.php:51 -> http://shortner.live/contact/send  

[2024-10-10T09:55:22.093687+05:00] system.ERROR: trim(): Passing null to parameter #1 ($string) of type string is deprecated occurred in /home/u252139114/domains/shortner.live/public_html/app/middleware/CSRF.php:51 -> http://shortner.live/user/login/forgot/send  

[2024-10-10T09:55:32.025384+05:00] system.ERROR: trim(): Passing null to parameter #1 ($string) of type string is deprecated occurred in /home/u252139114/domains/shortner.live/public_html/app/middleware/CSRF.php:51 -> http://shortner.live/user/register/validate  

[2024-10-10T09:55:38.848777+05:00] system.ERROR: trim(): Passing null to parameter #1 ($string) of type string is deprecated occurred in /home/u252139114/domains/shortner.live/public_html/app/middleware/CSRF.php:51 -> http://shortner.live/contact/send  

[2024-10-10T09:59:01.257966+05:00] system.ERROR: trim(): Passing null to parameter #1 ($string) of type string is deprecated occurred in /home/u252139114/domains/shortner.live/public_html/app/middleware/CSRF.php:51 -> http://shortner.live/user/login/forgot/send  

[2024-10-10T09:59:07.197204+05:00] system.ERROR: trim(): Passing null to parameter #1 ($string) of type string is deprecated occurred in /home/u252139114/domains/shortner.live/public_html/app/middleware/CSRF.php:51 -> http://shortner.live/user/register/validate  

[2024-10-10T09:59:12.659915+05:00] system.ERROR: trim(): Passing null to parameter #1 ($string) of type string is deprecated occurred in /home/u252139114/domains/shortner.live/public_html/app/middleware/CSRF.php:51 -> http://shortner.live/contact/send  

[2024-10-10T10:35:10.142365+05:00] system.ERROR: trim(): Passing null to parameter #1 ($string) of type string is deprecated occurred in /home/u252139114/domains/shortner.live/public_html/app/middleware/CSRF.php:51 -> http://shortner.live/user/login/forgot/send  

[2024-10-10T10:35:17.237686+05:00] system.ERROR: trim(): Passing null to parameter #1 ($string) of type string is deprecated occurred in /home/u252139114/domains/shortner.live/public_html/app/middleware/CSRF.php:51 -> http://shortner.live/user/register/validate  

[2024-10-10T10:35:22.413845+05:00] system.ERROR: trim(): Passing null to parameter #1 ($string) of type string is deprecated occurred in /home/u252139114/domains/shortner.live/public_html/app/middleware/CSRF.php:51 -> http://shortner.live/contact/send  

[2024-10-10T11:04:25.664639+05:00] system.ERROR: trim(): Passing null to parameter #1 ($string) of type string is deprecated occurred in /home/u252139114/domains/shortner.live/public_html/app/middleware/CSRF.php:51 -> http://shortner.live/user/login/forgot/send  

[2024-10-10T11:04:34.956653+05:00] system.ERROR: trim(): Passing null to parameter #1 ($string) of type string is deprecated occurred in /home/u252139114/domains/shortner.live/public_html/app/middleware/CSRF.php:51 -> http://shortner.live/user/register/validate  

[2024-10-10T11:04:41.054397+05:00] system.ERROR: trim(): Passing null to parameter #1 ($string) of type string is deprecated occurred in /home/u252139114/domains/shortner.live/public_html/app/middleware/CSRF.php:51 -> http://shortner.live/contact/send  

[2024-10-10T11:05:27.915346+05:00] system.ERROR: trim(): Passing null to parameter #1 ($string) of type string is deprecated occurred in /home/u252139114/domains/shortner.live/public_html/app/middleware/CSRF.php:51 -> http://shortner.live/user/login/forgot/send  

[2024-10-10T11:05:31.317222+05:00] system.ERROR: trim(): Passing null to parameter #1 ($string) of type string is deprecated occurred in /home/u252139114/domains/shortner.live/public_html/app/middleware/CSRF.php:51 -> http://shortner.live/user/register/validate  

[2024-10-10T11:05:33.434107+05:00] system.ERROR: trim(): Passing null to parameter #1 ($string) of type string is deprecated occurred in /home/u252139114/domains/shortner.live/public_html/app/middleware/CSRF.php:51 -> http://shortner.live/contact/send  

[2024-10-10T11:15:10.532948+05:00] system.ERROR: trim(): Passing null to parameter #1 ($string) of type string is deprecated occurred in /home/u252139114/domains/shortner.live/public_html/app/middleware/CSRF.php:51 -> http://shortner.live/user/login/forgot/send  

[2024-10-10T11:15:19.367084+05:00] system.ERROR: trim(): Passing null to parameter #1 ($string) of type string is deprecated occurred in /home/u252139114/domains/shortner.live/public_html/app/middleware/CSRF.php:51 -> http://shortner.live/contact/send  

[2024-10-10T11:41:21.147165+05:00] system.ERROR: trim(): Passing null to parameter #1 ($string) of type string is deprecated occurred in /home/u252139114/domains/shortner.live/public_html/app/middleware/CSRF.php:51 -> http://shortner.live/user/login/forgot/send  

[2024-10-10T11:41:27.995621+05:00] system.ERROR: trim(): Passing null to parameter #1 ($string) of type string is deprecated occurred in /home/u252139114/domains/shortner.live/public_html/app/middleware/CSRF.php:51 -> http://shortner.live/user/register/validate  

[2024-10-10T11:41:32.759359+05:00] system.ERROR: trim(): Passing null to parameter #1 ($string) of type string is deprecated occurred in /home/u252139114/domains/shortner.live/public_html/app/middleware/CSRF.php:51 -> http://shortner.live/contact/send  

[2024-10-10T12:18:08.579488+05:00] system.ERROR: trim(): Passing null to parameter #1 ($string) of type string is deprecated occurred in /home/u252139114/domains/shortner.live/public_html/app/middleware/CSRF.php:51 -> http://shortner.live/contact/send  

[2024-10-10T12:28:22.382218+05:00] system.ERROR: trim(): Passing null to parameter #1 ($string) of type string is deprecated occurred in /home/u252139114/domains/shortner.live/public_html/app/middleware/CSRF.php:51 -> http://shortner.live/user/login/forgot/send  

[2024-10-10T12:28:28.666185+05:00] system.ERROR: trim(): Passing null to parameter #1 ($string) of type string is deprecated occurred in /home/u252139114/domains/shortner.live/public_html/app/middleware/CSRF.php:51 -> http://shortner.live/user/register/validate  

[2024-10-10T12:28:43.103945+05:00] system.ERROR: trim(): Passing null to parameter #1 ($string) of type string is deprecated occurred in /home/u252139114/domains/shortner.live/public_html/app/middleware/CSRF.php:51 -> http://shortner.live/contact/send  

[2024-10-10T12:29:20.350187+05:00] system.ERROR: trim(): Passing null to parameter #1 ($string) of type string is deprecated occurred in /home/u252139114/domains/shortner.live/public_html/app/middleware/CSRF.php:51 -> http://shortner.live/user/login/forgot/send  

[2024-10-10T12:29:27.135011+05:00] system.ERROR: trim(): Passing null to parameter #1 ($string) of type string is deprecated occurred in /home/u252139114/domains/shortner.live/public_html/app/middleware/CSRF.php:51 -> http://shortner.live/user/register/validate  

[2024-10-10T12:29:31.590677+05:00] system.ERROR: trim(): Passing null to parameter #1 ($string) of type string is deprecated occurred in /home/u252139114/domains/shortner.live/public_html/app/middleware/CSRF.php:51 -> http://shortner.live/contact/send  

[2024-10-10T12:31:48.585891+05:00] system.ERROR: trim(): Passing null to parameter #1 ($string) of type string is deprecated occurred in /home/u252139114/domains/shortner.live/public_html/app/middleware/CSRF.php:51 -> http://shortner.live/user/login/forgot/send  

[2024-10-10T12:31:54.343902+05:00] system.ERROR: trim(): Passing null to parameter #1 ($string) of type string is deprecated occurred in /home/u252139114/domains/shortner.live/public_html/app/middleware/CSRF.php:51 -> http://shortner.live/user/register/validate  

[2024-10-10T12:31:58.469780+05:00] system.ERROR: trim(): Passing null to parameter #1 ($string) of type string is deprecated occurred in /home/u252139114/domains/shortner.live/public_html/app/middleware/CSRF.php:51 -> http://shortner.live/contact/send  

[2024-10-10T12:54:56.143749+05:00] system.ERROR: trim(): Passing null to parameter #1 ($string) of type string is deprecated occurred in /home/u252139114/domains/shortner.live/public_html/app/middleware/CSRF.php:51 -> http://shortner.live/user/login/forgot/send  

[2024-10-10T12:55:01.186200+05:00] system.ERROR: trim(): Passing null to parameter #1 ($string) of type string is deprecated occurred in /home/u252139114/domains/shortner.live/public_html/app/middleware/CSRF.php:51 -> http://shortner.live/user/register/validate  

[2024-10-10T12:55:05.152409+05:00] system.ERROR: trim(): Passing null to parameter #1 ($string) of type string is deprecated occurred in /home/u252139114/domains/shortner.live/public_html/app/middleware/CSRF.php:51 -> http://shortner.live/contact/send  

[2024-10-10T13:37:49.366110+05:00] system.ERROR: trim(): Passing null to parameter #1 ($string) of type string is deprecated occurred in /home/u252139114/domains/shortner.live/public_html/app/middleware/CSRF.php:51 -> http://shortner.live/user/login/forgot/send  

[2024-10-10T13:37:56.726280+05:00] system.ERROR: trim(): Passing null to parameter #1 ($string) of type string is deprecated occurred in /home/u252139114/domains/shortner.live/public_html/app/middleware/CSRF.php:51 -> http://shortner.live/user/register/validate  

[2024-10-10T13:38:02.104446+05:00] system.ERROR: trim(): Passing null to parameter #1 ($string) of type string is deprecated occurred in /home/u252139114/domains/shortner.live/public_html/app/middleware/CSRF.php:51 -> http://shortner.live/contact/send  

[2024-10-10T15:39:28.270450+05:00] system.ERROR: trim(): Passing null to parameter #1 ($string) of type string is deprecated occurred in /home/u252139114/domains/shortner.live/public_html/app/middleware/CSRF.php:51 -> http://shortner.live/user/login/forgot/send  

[2024-10-10T15:39:37.376937+05:00] system.ERROR: trim(): Passing null to parameter #1 ($string) of type string is deprecated occurred in /home/u252139114/domains/shortner.live/public_html/app/middleware/CSRF.php:51 -> http://shortner.live/contact/send  

[2024-10-10T16:00:40.137591+05:00] system.ERROR: trim(): Passing null to parameter #1 ($string) of type string is deprecated occurred in /home/u252139114/domains/shortner.live/public_html/app/middleware/CSRF.php:51 -> http://shortner.live/user/login/forgot/send  

[2024-10-10T16:00:48.726544+05:00] system.ERROR: trim(): Passing null to parameter #1 ($string) of type string is deprecated occurred in /home/u252139114/domains/shortner.live/public_html/app/middleware/CSRF.php:51 -> http://shortner.live/user/register/validate  

[2024-10-10T16:00:55.084316+05:00] system.ERROR: trim(): Passing null to parameter #1 ($string) of type string is deprecated occurred in /home/u252139114/domains/shortner.live/public_html/app/middleware/CSRF.php:51 -> http://shortner.live/contact/send  

[2024-10-10T16:25:03.337031+05:00] system.ERROR: trim(): Passing null to parameter #1 ($string) of type string is deprecated occurred in /home/u252139114/domains/shortner.live/public_html/app/middleware/CSRF.php:51 -> http://shortner.live/user/login/forgot/send  

[2024-10-10T16:25:11.281871+05:00] system.ERROR: trim(): Passing null to parameter #1 ($string) of type string is deprecated occurred in /home/u252139114/domains/shortner.live/public_html/app/middleware/CSRF.php:51 -> http://shortner.live/user/register/validate  

[2024-10-10T16:25:17.390452+05:00] system.ERROR: trim(): Passing null to parameter #1 ($string) of type string is deprecated occurred in /home/u252139114/domains/shortner.live/public_html/app/middleware/CSRF.php:51 -> http://shortner.live/contact/send  

[2024-10-10T16:55:44.321785+05:00] system.ERROR: trim(): Passing null to parameter #1 ($string) of type string is deprecated occurred in /home/u252139114/domains/shortner.live/public_html/app/middleware/CSRF.php:51 -> http://shortner.live/user/login/forgot/send  

[2024-10-10T16:55:51.572179+05:00] system.ERROR: trim(): Passing null to parameter #1 ($string) of type string is deprecated occurred in /home/u252139114/domains/shortner.live/public_html/app/middleware/CSRF.php:51 -> http://shortner.live/user/register/validate  

[2024-10-10T16:55:56.122225+05:00] system.ERROR: trim(): Passing null to parameter #1 ($string) of type string is deprecated occurred in /home/u252139114/domains/shortner.live/public_html/app/middleware/CSRF.php:51 -> http://shortner.live/contact/send  

[2024-10-10T17:12:32.031692+05:00] system.ERROR: trim(): Passing null to parameter #1 ($string) of type string is deprecated occurred in /home/u252139114/domains/shortner.live/public_html/app/middleware/CSRF.php:51 -> http://shortner.live/user/login/forgot/send  

[2024-10-10T17:12:39.142000+05:00] system.ERROR: trim(): Passing null to parameter #1 ($string) of type string is deprecated occurred in /home/u252139114/domains/shortner.live/public_html/app/middleware/CSRF.php:51 -> http://shortner.live/user/register/validate  

[2024-10-10T17:12:43.562644+05:00] system.ERROR: trim(): Passing null to parameter #1 ($string) of type string is deprecated occurred in /home/u252139114/domains/shortner.live/public_html/app/middleware/CSRF.php:51 -> http://shortner.live/contact/send  

[2024-10-10T17:24:42.401398+05:00] system.ERROR: trim(): Passing null to parameter #1 ($string) of type string is deprecated occurred in /home/u252139114/domains/shortner.live/public_html/app/middleware/CSRF.php:51 -> http://shortner.live/user/register/validate  

[2024-10-10T17:25:06.799269+05:00] system.ERROR: trim(): Passing null to parameter #1 ($string) of type string is deprecated occurred in /home/u252139114/domains/shortner.live/public_html/app/middleware/CSRF.php:51 -> http://shortner.live/contact/send  

[2024-10-10T17:40:54.819833+05:00] system.ERROR: trim(): Passing null to parameter #1 ($string) of type string is deprecated occurred in /home/u252139114/domains/shortner.live/public_html/app/middleware/CSRF.php:51 -> http://shortner.live/user/login/forgot/send  

[2024-10-10T17:41:01.398907+05:00] system.ERROR: trim(): Passing null to parameter #1 ($string) of type string is deprecated occurred in /home/u252139114/domains/shortner.live/public_html/app/middleware/CSRF.php:51 -> http://shortner.live/user/register/validate  

[2024-10-10T17:41:07.215658+05:00] system.ERROR: trim(): Passing null to parameter #1 ($string) of type string is deprecated occurred in /home/u252139114/domains/shortner.live/public_html/app/middleware/CSRF.php:51 -> http://shortner.live/contact/send  

[2024-10-10T17:45:45.811844+05:00] system.ERROR: trim(): Passing null to parameter #1 ($string) of type string is deprecated occurred in /home/u252139114/domains/shortner.live/public_html/app/middleware/CSRF.php:51 -> http://shortner.live/user/login/forgot/send  

[2024-10-10T17:45:55.610236+05:00] system.ERROR: trim(): Passing null to parameter #1 ($string) of type string is deprecated occurred in /home/u252139114/domains/shortner.live/public_html/app/middleware/CSRF.php:51 -> http://shortner.live/user/register/validate  

[2024-10-10T17:46:02.210197+05:00] system.ERROR: trim(): Passing null to parameter #1 ($string) of type string is deprecated occurred in /home/u252139114/domains/shortner.live/public_html/app/middleware/CSRF.php:51 -> http://shortner.live/contact/send  

[2024-10-10T17:55:32.046638+05:00] system.ERROR: trim(): Passing null to parameter #1 ($string) of type string is deprecated occurred in /home/u252139114/domains/shortner.live/public_html/app/middleware/CSRF.php:51 -> http://shortner.live/user/login/forgot/send  

[2024-10-10T17:55:36.927159+05:00] system.ERROR: trim(): Passing null to parameter #1 ($string) of type string is deprecated occurred in /home/u252139114/domains/shortner.live/public_html/app/middleware/CSRF.php:51 -> http://shortner.live/user/register/validate  

[2024-10-10T17:55:40.235815+05:00] system.ERROR: trim(): Passing null to parameter #1 ($string) of type string is deprecated occurred in /home/u252139114/domains/shortner.live/public_html/app/middleware/CSRF.php:51 -> http://shortner.live/contact/send  

[2024-10-10T18:22:48.590509+05:00] system.ERROR: trim(): Passing null to parameter #1 ($string) of type string is deprecated occurred in /home/u252139114/domains/shortner.live/public_html/app/middleware/CSRF.php:51 -> http://shortner.live/user/login/forgot/send  

[2024-10-10T18:22:54.410008+05:00] system.ERROR: trim(): Passing null to parameter #1 ($string) of type string is deprecated occurred in /home/u252139114/domains/shortner.live/public_html/app/middleware/CSRF.php:51 -> http://shortner.live/user/register/validate  

[2024-10-10T18:22:57.789283+05:00] system.ERROR: trim(): Passing null to parameter #1 ($string) of type string is deprecated occurred in /home/u252139114/domains/shortner.live/public_html/app/middleware/CSRF.php:51 -> http://shortner.live/contact/send  

[2024-10-10T18:27:02.356584+05:00] system.ERROR: trim(): Passing null to parameter #1 ($string) of type string is deprecated occurred in /home/u252139114/domains/shortner.live/public_html/app/middleware/CSRF.php:51 -> http://shortner.live/user/login/forgot/send  

[2024-10-10T18:27:09.427271+05:00] system.ERROR: trim(): Passing null to parameter #1 ($string) of type string is deprecated occurred in /home/u252139114/domains/shortner.live/public_html/app/middleware/CSRF.php:51 -> http://shortner.live/user/register/validate  

[2024-10-10T18:27:13.562809+05:00] system.ERROR: trim(): Passing null to parameter #1 ($string) of type string is deprecated occurred in /home/u252139114/domains/shortner.live/public_html/app/middleware/CSRF.php:51 -> http://shortner.live/contact/send  

[2024-10-10T18:27:19.339584+05:00] system.ERROR: trim(): Passing null to parameter #1 ($string) of type string is deprecated occurred in /home/u252139114/domains/shortner.live/public_html/app/middleware/CSRF.php:51 -> http://shortner.live/user/login/forgot/send  

[2024-10-10T18:27:29.860291+05:00] system.ERROR: trim(): Passing null to parameter #1 ($string) of type string is deprecated occurred in /home/u252139114/domains/shortner.live/public_html/app/middleware/CSRF.php:51 -> http://shortner.live/contact/send  

[2024-10-10T18:38:31.202490+05:00] system.ERROR: trim(): Passing null to parameter #1 ($string) of type string is deprecated occurred in /home/u252139114/domains/shortner.live/public_html/app/middleware/CSRF.php:51 -> http://shortner.live/user/login/forgot/send  

[2024-10-10T18:38:42.563393+05:00] system.ERROR: trim(): Passing null to parameter #1 ($string) of type string is deprecated occurred in /home/u252139114/domains/shortner.live/public_html/app/middleware/CSRF.php:51 -> http://shortner.live/user/register/validate  

[2024-10-10T18:38:54.187389+05:00] system.ERROR: trim(): Passing null to parameter #1 ($string) of type string is deprecated occurred in /home/u252139114/domains/shortner.live/public_html/app/middleware/CSRF.php:51 -> http://shortner.live/contact/send  

[2024-10-10T18:43:39.086770+05:00] system.ERROR: trim(): Passing null to parameter #1 ($string) of type string is deprecated occurred in /home/u252139114/domains/shortner.live/public_html/app/middleware/CSRF.php:51 -> http://shortner.live/user/login/forgot/send  

[2024-10-10T18:43:45.214222+05:00] system.ERROR: trim(): Passing null to parameter #1 ($string) of type string is deprecated occurred in /home/u252139114/domains/shortner.live/public_html/app/middleware/CSRF.php:51 -> http://shortner.live/user/register/validate  

[2024-10-10T18:43:48.619145+05:00] system.ERROR: trim(): Passing null to parameter #1 ($string) of type string is deprecated occurred in /home/u252139114/domains/shortner.live/public_html/app/middleware/CSRF.php:51 -> http://shortner.live/contact/send  

[2024-10-10T19:19:31.455469+05:00] system.ERROR: trim(): Passing null to parameter #1 ($string) of type string is deprecated occurred in /home/u252139114/domains/shortner.live/public_html/app/middleware/CSRF.php:51 -> http://shortner.live/user/login/auth  

[2024-10-10T19:19:38.497583+05:00] system.ERROR: trim(): Passing null to parameter #1 ($string) of type string is deprecated occurred in /home/u252139114/domains/shortner.live/public_html/app/middleware/CSRF.php:51 -> http://shortner.live/user/login/forgot/send  

[2024-10-10T19:19:48.894247+05:00] system.ERROR: trim(): Passing null to parameter #1 ($string) of type string is deprecated occurred in /home/u252139114/domains/shortner.live/public_html/app/middleware/CSRF.php:51 -> http://shortner.live/contact/send  

[2024-10-10T19:31:00.136960+05:00] system.ERROR: trim(): Passing null to parameter #1 ($string) of type string is deprecated occurred in /home/u252139114/domains/shortner.live/public_html/app/middleware/CSRF.php:51 -> http://shortner.live/user/login/forgot/send  

[2024-10-10T19:31:09.109686+05:00] system.ERROR: trim(): Passing null to parameter #1 ($string) of type string is deprecated occurred in /home/u252139114/domains/shortner.live/public_html/app/middleware/CSRF.php:51 -> http://shortner.live/user/register/validate  

[2024-10-10T19:31:14.800014+05:00] system.ERROR: trim(): Passing null to parameter #1 ($string) of type string is deprecated occurred in /home/u252139114/domains/shortner.live/public_html/app/middleware/CSRF.php:51 -> http://shortner.live/contact/send  

[2024-10-10T19:40:32.527930+05:00] system.ERROR: trim(): Passing null to parameter #1 ($string) of type string is deprecated occurred in /home/u252139114/domains/shortner.live/public_html/app/middleware/CSRF.php:51 -> http://shortner.live/user/login/forgot/send  

[2024-10-10T19:40:37.525960+05:00] system.ERROR: trim(): Passing null to parameter #1 ($string) of type string is deprecated occurred in /home/u252139114/domains/shortner.live/public_html/app/middleware/CSRF.php:51 -> http://shortner.live/user/register/validate  

[2024-10-10T19:40:50.396986+05:00] system.ERROR: trim(): Passing null to parameter #1 ($string) of type string is deprecated occurred in /home/u252139114/domains/shortner.live/public_html/app/middleware/CSRF.php:51 -> http://shortner.live/contact/send  

[2024-10-10T20:30:01.324979+05:00] system.ERROR: trim(): Passing null to parameter #1 ($string) of type string is deprecated occurred in /home/u252139114/domains/shortner.live/public_html/app/middleware/CSRF.php:51 -> http://shortner.live/user/login/forgot/send  

[2024-10-10T20:30:07.934487+05:00] system.ERROR: trim(): Passing null to parameter #1 ($string) of type string is deprecated occurred in /home/u252139114/domains/shortner.live/public_html/app/middleware/CSRF.php:51 -> http://shortner.live/user/register/validate  

[2024-10-10T20:30:12.949358+05:00] system.ERROR: trim(): Passing null to parameter #1 ($string) of type string is deprecated occurred in /home/u252139114/domains/shortner.live/public_html/app/middleware/CSRF.php:51 -> http://shortner.live/contact/send  

[2024-10-10T21:04:15.486288+05:00] system.ERROR: trim(): Passing null to parameter #1 ($string) of type string is deprecated occurred in /home/u252139114/domains/shortner.live/public_html/app/middleware/CSRF.php:51 -> http://shortner.live/user/login/forgot/send  

[2024-10-10T21:04:19.053735+05:00] system.ERROR: trim(): Passing null to parameter #1 ($string) of type string is deprecated occurred in /home/u252139114/domains/shortner.live/public_html/app/middleware/CSRF.php:51 -> http://shortner.live/user/register/validate  

[2024-10-10T21:04:21.042029+05:00] system.ERROR: trim(): Passing null to parameter #1 ($string) of type string is deprecated occurred in /home/u252139114/domains/shortner.live/public_html/app/middleware/CSRF.php:51 -> http://shortner.live/contact/send  

[2024-10-10T21:13:55.627177+05:00] system.ERROR: trim(): Passing null to parameter #1 ($string) of type string is deprecated occurred in /home/u252139114/domains/shortner.live/public_html/app/middleware/CSRF.php:51 -> http://shortner.live/user/login/forgot/send  

[2024-10-10T21:14:05.333845+05:00] system.ERROR: trim(): Passing null to parameter #1 ($string) of type string is deprecated occurred in /home/u252139114/domains/shortner.live/public_html/app/middleware/CSRF.php:51 -> http://shortner.live/user/register/validate  

[2024-10-10T21:14:11.799898+05:00] system.ERROR: trim(): Passing null to parameter #1 ($string) of type string is deprecated occurred in /home/u252139114/domains/shortner.live/public_html/app/middleware/CSRF.php:51 -> http://shortner.live/contact/send  

[2024-10-10T21:17:36.535854+05:00] system.ERROR: trim(): Passing null to parameter #1 ($string) of type string is deprecated occurred in /home/u252139114/domains/shortner.live/public_html/app/middleware/CSRF.php:51 -> http://shortner.live/user/login/forgot/send  

[2024-10-10T21:17:42.923777+05:00] system.ERROR: trim(): Passing null to parameter #1 ($string) of type string is deprecated occurred in /home/u252139114/domains/shortner.live/public_html/app/middleware/CSRF.php:51 -> http://shortner.live/user/register/validate  

[2024-10-10T21:17:47.182960+05:00] system.ERROR: trim(): Passing null to parameter #1 ($string) of type string is deprecated occurred in /home/u252139114/domains/shortner.live/public_html/app/middleware/CSRF.php:51 -> http://shortner.live/contact/send  

[2024-10-10T21:23:30.729063+05:00] system.ERROR: Method not allowed -> http://shortner.live/api/campaign/:campaignid/assign/:linkid  

[2024-10-10T21:37:37.196386+05:00] system.ERROR: trim(): Passing null to parameter #1 ($string) of type string is deprecated occurred in /home/u252139114/domains/shortner.live/public_html/app/middleware/CSRF.php:51 -> http://shortner.live/user/login/forgot/send  

[2024-10-10T21:37:42.994365+05:00] system.ERROR: trim(): Passing null to parameter #1 ($string) of type string is deprecated occurred in /home/u252139114/domains/shortner.live/public_html/app/middleware/CSRF.php:51 -> http://shortner.live/user/register/validate  

[2024-10-10T21:37:47.508876+05:00] system.ERROR: trim(): Passing null to parameter #1 ($string) of type string is deprecated occurred in /home/u252139114/domains/shortner.live/public_html/app/middleware/CSRF.php:51 -> http://shortner.live/contact/send  

[2024-10-10T22:08:29.689107+05:00] system.ERROR: trim(): Passing null to parameter #1 ($string) of type string is deprecated occurred in /home/u252139114/domains/shortner.live/public_html/app/middleware/CSRF.php:51 -> http://shortner.live/contact/send  

[2024-10-10T22:16:20.243442+05:00] system.ERROR: trim(): Passing null to parameter #1 ($string) of type string is deprecated occurred in /home/u252139114/domains/shortner.live/public_html/app/middleware/CSRF.php:51 -> http://shortner.live/user/login/forgot/send  

[2024-10-10T22:16:27.232952+05:00] system.ERROR: trim(): Passing null to parameter #1 ($string) of type string is deprecated occurred in /home/u252139114/domains/shortner.live/public_html/app/middleware/CSRF.php:51 -> http://shortner.live/user/register/validate  

[2024-10-10T22:16:32.295041+05:00] system.ERROR: trim(): Passing null to parameter #1 ($string) of type string is deprecated occurred in /home/u252139114/domains/shortner.live/public_html/app/middleware/CSRF.php:51 -> http://shortner.live/contact/send  

[2024-10-10T22:18:37.831448+05:00] system.ERROR: trim(): Passing null to parameter #1 ($string) of type string is deprecated occurred in /home/u252139114/domains/shortner.live/public_html/app/middleware/CSRF.php:51 -> http://shortner.live/user/login/forgot/send  

[2024-10-10T22:18:44.742540+05:00] system.ERROR: trim(): Passing null to parameter #1 ($string) of type string is deprecated occurred in /home/u252139114/domains/shortner.live/public_html/app/middleware/CSRF.php:51 -> http://shortner.live/user/register/validate  

[2024-10-10T22:18:49.676320+05:00] system.ERROR: trim(): Passing null to parameter #1 ($string) of type string is deprecated occurred in /home/u252139114/domains/shortner.live/public_html/app/middleware/CSRF.php:51 -> http://shortner.live/contact/send  

[2024-10-10T22:50:30.671916+05:00] system.ERROR: trim(): Passing null to parameter #1 ($string) of type string is deprecated occurred in /home/u252139114/domains/shortner.live/public_html/app/middleware/CSRF.php:51 -> http://shortner.live/user/login/forgot/send  

[2024-10-10T22:50:36.276870+05:00] system.ERROR: trim(): Passing null to parameter #1 ($string) of type string is deprecated occurred in /home/u252139114/domains/shortner.live/public_html/app/middleware/CSRF.php:51 -> http://shortner.live/user/login/forgot/send  

[2024-10-10T22:50:43.954472+05:00] system.ERROR: trim(): Passing null to parameter #1 ($string) of type string is deprecated occurred in /home/u252139114/domains/shortner.live/public_html/app/middleware/CSRF.php:51 -> http://shortner.live/user/register/validate  

[2024-10-10T22:50:50.844813+05:00] system.ERROR: trim(): Passing null to parameter #1 ($string) of type string is deprecated occurred in /home/u252139114/domains/shortner.live/public_html/app/middleware/CSRF.php:51 -> http://shortner.live/contact/send  

[2024-10-10T23:00:40.733758+05:00] system.ERROR: trim(): Passing null to parameter #1 ($string) of type string is deprecated occurred in /home/u252139114/domains/shortner.live/public_html/app/middleware/CSRF.php:51 -> http://shortner.live/user/login/forgot/send  

[2024-10-10T23:01:09.489980+05:00] system.ERROR: trim(): Passing null to parameter #1 ($string) of type string is deprecated occurred in /home/u252139114/domains/shortner.live/public_html/app/middleware/CSRF.php:51 -> http://shortner.live/contact/send  

