[2024-10-09T12:32:36.772434+05:00] system.ERROR: Method not allowed -> http://shortner.live/user/login/auth  

[2024-10-09T14:02:28.250700+05:00] system.ERROR: trim(): Passing null to parameter #1 ($string) of type string is deprecated occurred in /home/u252139114/domains/shortner.live/public_html/app/middleware/CSRF.php:51 -> http://shortner.live/user/login/forgot/send  

[2024-10-09T14:02:40.039218+05:00] system.ERROR: trim(): Passing null to parameter #1 ($string) of type string is deprecated occurred in /home/u252139114/domains/shortner.live/public_html/app/middleware/CSRF.php:51 -> http://shortner.live/user/register/validate  

[2024-10-09T14:02:48.264808+05:00] system.ERROR: trim(): Passing null to parameter #1 ($string) of type string is deprecated occurred in /home/u252139114/domains/shortner.live/public_html/app/middleware/CSRF.php:51 -> http://shortner.live/contact/send  

[2024-10-09T14:10:26.871913+05:00] system.ERROR: trim(): Passing null to parameter #1 ($string) of type string is deprecated occurred in /home/u252139114/domains/shortner.live/public_html/app/middleware/CSRF.php:51 -> http://shortner.live/user/login/forgot/send  

[2024-10-09T14:10:32.644637+05:00] system.ERROR: trim(): Passing null to parameter #1 ($string) of type string is deprecated occurred in /home/u252139114/domains/shortner.live/public_html/app/middleware/CSRF.php:51 -> http://shortner.live/user/register/validate  

[2024-10-09T14:10:36.725783+05:00] system.ERROR: trim(): Passing null to parameter #1 ($string) of type string is deprecated occurred in /home/u252139114/domains/shortner.live/public_html/app/middleware/CSRF.php:51 -> http://shortner.live/contact/send  

[2024-10-09T15:43:29.163624+05:00] system.ERROR: trim(): Passing null to parameter #1 ($string) of type string is deprecated occurred in /home/u252139114/domains/shortner.live/public_html/app/middleware/CSRF.php:51 -> http://shortner.live/user/login/forgot/send  

[2024-10-09T15:43:38.058029+05:00] system.ERROR: trim(): Passing null to parameter #1 ($string) of type string is deprecated occurred in /home/u252139114/domains/shortner.live/public_html/app/middleware/CSRF.php:51 -> http://shortner.live/user/register/validate  

[2024-10-09T15:43:44.793743+05:00] system.ERROR: trim(): Passing null to parameter #1 ($string) of type string is deprecated occurred in /home/u252139114/domains/shortner.live/public_html/app/middleware/CSRF.php:51 -> http://shortner.live/contact/send  

[2024-10-09T16:13:35.710618+05:00] system.ERROR: trim(): Passing null to parameter #1 ($string) of type string is deprecated occurred in /home/u252139114/domains/shortner.live/public_html/app/middleware/CSRF.php:51 -> http://shortner.live/user/login/forgot/send  

[2024-10-09T16:13:43.140942+05:00] system.ERROR: trim(): Passing null to parameter #1 ($string) of type string is deprecated occurred in /home/u252139114/domains/shortner.live/public_html/app/middleware/CSRF.php:51 -> http://shortner.live/user/register/validate  

[2024-10-09T16:13:48.606761+05:00] system.ERROR: trim(): Passing null to parameter #1 ($string) of type string is deprecated occurred in /home/u252139114/domains/shortner.live/public_html/app/middleware/CSRF.php:51 -> http://shortner.live/contact/send  

[2024-10-09T16:53:19.022308+05:00] system.ERROR: trim(): Passing null to parameter #1 ($string) of type string is deprecated occurred in /home/u252139114/domains/shortner.live/public_html/app/middleware/CSRF.php:51 -> http://shortner.live/user/login/forgot/send  

[2024-10-09T16:53:26.488693+05:00] system.ERROR: trim(): Passing null to parameter #1 ($string) of type string is deprecated occurred in /home/u252139114/domains/shortner.live/public_html/app/middleware/CSRF.php:51 -> http://shortner.live/user/register/validate  

[2024-10-09T16:53:31.788427+05:00] system.ERROR: trim(): Passing null to parameter #1 ($string) of type string is deprecated occurred in /home/u252139114/domains/shortner.live/public_html/app/middleware/CSRF.php:51 -> http://shortner.live/contact/send  

[2024-10-09T19:13:17.204472+05:00] system.ERROR: trim(): Passing null to parameter #1 ($string) of type string is deprecated occurred in /home/u252139114/domains/shortner.live/public_html/app/middleware/CSRF.php:51 -> http://shortner.live/user/login/forgot/send  

[2024-10-09T19:13:41.934135+05:00] system.ERROR: trim(): Passing null to parameter #1 ($string) of type string is deprecated occurred in /home/u252139114/domains/shortner.live/public_html/app/middleware/CSRF.php:51 -> http://shortner.live/user/register/validate  

[2024-10-09T19:14:02.682828+05:00] system.ERROR: trim(): Passing null to parameter #1 ($string) of type string is deprecated occurred in /home/u252139114/domains/shortner.live/public_html/app/middleware/CSRF.php:51 -> http://shortner.live/contact/send  

[2024-10-09T19:25:38.889101+05:00] system.ERROR: trim(): Passing null to parameter #1 ($string) of type string is deprecated occurred in /home/u252139114/domains/shortner.live/public_html/app/middleware/CSRF.php:51 -> http://shortner.live/user/login/forgot/send  

[2024-10-09T19:25:43.247530+05:00] system.ERROR: trim(): Passing null to parameter #1 ($string) of type string is deprecated occurred in /home/u252139114/domains/shortner.live/public_html/app/middleware/CSRF.php:51 -> http://shortner.live/user/register/validate  

[2024-10-09T19:25:46.098581+05:00] system.ERROR: trim(): Passing null to parameter #1 ($string) of type string is deprecated occurred in /home/u252139114/domains/shortner.live/public_html/app/middleware/CSRF.php:51 -> http://shortner.live/contact/send  

[2024-10-09T19:39:44.037616+05:00] system.ERROR: trim(): Passing null to parameter #1 ($string) of type string is deprecated occurred in /home/u252139114/domains/shortner.live/public_html/app/middleware/CSRF.php:51 -> http://shortner.live/user/login/forgot/send  

[2024-10-09T19:39:51.273378+05:00] system.ERROR: trim(): Passing null to parameter #1 ($string) of type string is deprecated occurred in /home/u252139114/domains/shortner.live/public_html/app/middleware/CSRF.php:51 -> http://shortner.live/user/register/validate  

[2024-10-09T19:39:55.417494+05:00] system.ERROR: trim(): Passing null to parameter #1 ($string) of type string is deprecated occurred in /home/u252139114/domains/shortner.live/public_html/app/middleware/CSRF.php:51 -> http://shortner.live/contact/send  

[2024-10-09T19:47:20.411479+05:00] system.ERROR: trim(): Passing null to parameter #1 ($string) of type string is deprecated occurred in /home/u252139114/domains/shortner.live/public_html/app/middleware/CSRF.php:51 -> http://shortner.live/user/login/forgot/send  

[2024-10-09T19:47:24.909327+05:00] system.ERROR: trim(): Passing null to parameter #1 ($string) of type string is deprecated occurred in /home/u252139114/domains/shortner.live/public_html/app/middleware/CSRF.php:51 -> http://shortner.live/user/register/validate  

[2024-10-09T19:52:02.405666+05:00] system.ERROR: trim(): Passing null to parameter #1 ($string) of type string is deprecated occurred in /home/u252139114/domains/shortner.live/public_html/app/middleware/CSRF.php:51 -> http://shortner.live/user/login/auth  

[2024-10-09T19:52:07.377526+05:00] system.ERROR: trim(): Passing null to parameter #1 ($string) of type string is deprecated occurred in /home/u252139114/domains/shortner.live/public_html/app/middleware/CSRF.php:51 -> http://shortner.live/user/login/forgot/send  

[2024-10-09T20:02:55.716227+05:00] system.ERROR: trim(): Passing null to parameter #1 ($string) of type string is deprecated occurred in /home/u252139114/domains/shortner.live/public_html/app/middleware/CSRF.php:51 -> http://shortner.live/user/login/forgot/send  

[2024-10-09T20:03:03.120196+05:00] system.ERROR: trim(): Passing null to parameter #1 ($string) of type string is deprecated occurred in /home/u252139114/domains/shortner.live/public_html/app/middleware/CSRF.php:51 -> http://shortner.live/user/register/validate  

[2024-10-09T20:03:18.611182+05:00] system.ERROR: trim(): Passing null to parameter #1 ($string) of type string is deprecated occurred in /home/u252139114/domains/shortner.live/public_html/app/middleware/CSRF.php:51 -> http://shortner.live/contact/send  

[2024-10-09T21:00:19.488702+05:00] system.ERROR: trim(): Passing null to parameter #1 ($string) of type string is deprecated occurred in /home/u252139114/domains/shortner.live/public_html/app/middleware/CSRF.php:51 -> http://shortner.live/user/login/forgot/send  

[2024-10-09T21:00:26.130890+05:00] system.ERROR: trim(): Passing null to parameter #1 ($string) of type string is deprecated occurred in /home/u252139114/domains/shortner.live/public_html/app/middleware/CSRF.php:51 -> http://shortner.live/user/register/validate  

[2024-10-09T21:00:30.139841+05:00] system.ERROR: trim(): Passing null to parameter #1 ($string) of type string is deprecated occurred in /home/u252139114/domains/shortner.live/public_html/app/middleware/CSRF.php:51 -> http://shortner.live/contact/send  

[2024-10-09T21:06:50.977549+05:00] system.ERROR: trim(): Passing null to parameter #1 ($string) of type string is deprecated occurred in /home/u252139114/domains/shortner.live/public_html/app/middleware/CSRF.php:51 -> http://shortner.live/user/login/forgot/send  

[2024-10-09T21:06:57.114464+05:00] system.ERROR: trim(): Passing null to parameter #1 ($string) of type string is deprecated occurred in /home/u252139114/domains/shortner.live/public_html/app/middleware/CSRF.php:51 -> http://shortner.live/user/register/validate  

[2024-10-09T21:30:00.780065+05:00] system.ERROR: trim(): Passing null to parameter #1 ($string) of type string is deprecated occurred in /home/u252139114/domains/shortner.live/public_html/app/middleware/CSRF.php:51 -> http://shortner.live/user/login/forgot/send  

[2024-10-09T21:30:07.194478+05:00] system.ERROR: trim(): Passing null to parameter #1 ($string) of type string is deprecated occurred in /home/u252139114/domains/shortner.live/public_html/app/middleware/CSRF.php:51 -> http://shortner.live/user/register/validate  

[2024-10-09T21:30:12.132233+05:00] system.ERROR: trim(): Passing null to parameter #1 ($string) of type string is deprecated occurred in /home/u252139114/domains/shortner.live/public_html/app/middleware/CSRF.php:51 -> http://shortner.live/contact/send  

[2024-10-09T21:36:54.159756+05:00] system.ERROR: trim(): Passing null to parameter #1 ($string) of type string is deprecated occurred in /home/u252139114/domains/shortner.live/public_html/app/middleware/CSRF.php:51 -> http://shortner.live/user/login/forgot/send  

[2024-10-09T21:36:59.469509+05:00] system.ERROR: trim(): Passing null to parameter #1 ($string) of type string is deprecated occurred in /home/u252139114/domains/shortner.live/public_html/app/middleware/CSRF.php:51 -> http://shortner.live/user/register/validate  

[2024-10-09T22:01:34.046030+05:00] system.ERROR: trim(): Passing null to parameter #1 ($string) of type string is deprecated occurred in /home/u252139114/domains/shortner.live/public_html/app/middleware/CSRF.php:51 -> http://shortner.live/user/login/forgot/send  

[2024-10-09T22:01:39.398399+05:00] system.ERROR: trim(): Passing null to parameter #1 ($string) of type string is deprecated occurred in /home/u252139114/domains/shortner.live/public_html/app/middleware/CSRF.php:51 -> http://shortner.live/user/register/validate  

[2024-10-09T22:01:44.906413+05:00] system.ERROR: trim(): Passing null to parameter #1 ($string) of type string is deprecated occurred in /home/u252139114/domains/shortner.live/public_html/app/middleware/CSRF.php:51 -> http://shortner.live/contact/send  

[2024-10-09T22:07:37.098595+05:00] system.ERROR: trim(): Passing null to parameter #1 ($string) of type string is deprecated occurred in /home/u252139114/domains/shortner.live/public_html/app/middleware/CSRF.php:51 -> http://shortner.live/user/login/forgot/send  

[2024-10-09T22:07:41.488706+05:00] system.ERROR: trim(): Passing null to parameter #1 ($string) of type string is deprecated occurred in /home/u252139114/domains/shortner.live/public_html/app/middleware/CSRF.php:51 -> http://shortner.live/user/register/validate  

